<?xml version="1.0" encoding="UTF-8"?>
<!-- Generated by org.testng.reporters.JUnitXMLReporter -->
<testsuite hostname="LAPTOP-PT1VIPBL" ignored="0" name="Test" tests="4" failures="2" timestamp="2023-02-03T08:34:11 IST" time="101.971" errors="0">
  <testcase name="invalidLogin" time="3.028" classname="tests.LoginTest">
    <failure type="java.lang.AssertionError" message="expected [Invalid credentials1] but found [Invalid credentials]">
      <![CDATA[java.lang.AssertionError: expected [Invalid credentials1] but found [Invalid credentials]
at tests.LoginTest.invalidLogin(LoginTest.java:42)
at java.util.ArrayList.forEach(ArrayList.java:1259)
... Removed 32 stack frames]]>
    </failure>
  </testcase> <!-- invalidLogin -->
  <testcase name="loginTest" time="2.87" classname="tests.LoginTest">
    <failure type="java.lang.AssertionError" message="expected [Paul Collings1] but found [Paul Collings]">
      <![CDATA[java.lang.AssertionError: expected [Paul Collings1] but found [Paul Collings]
at tests.LoginTest.loginTest(LoginTest.java:29)
at java.util.ArrayList.forEach(ArrayList.java:1259)
... Removed 32 stack frames]]>
    </failure>
  </testcase> <!-- loginTest -->
  <testcase name="redirectToResetPasswordPageLinkPresent" time="0.01" classname="tests.LoginTest"/>
  <testcase name="navigateToResetPassword" time="1.549" classname="tests.LoginTest"/>
</testsuite> <!-- Test -->
